<?xml version="1.0" encoding="UTF-8"?>
<!-- Generated by org.testng.reporters.JUnitReportReporter -->
<testsuite hostname="SEPAL-M-QVWV" failures="0" tests="3" name="search.google.api.Test_Google_Search" time="1.073" errors="0" timestamp="29 Oct 2022 11:52:36 GMT" skipped="0">
  <testcase classname="search.google.api.Test_Google_Search" name="Verify_User_Is_Able_To_Search__Text" time="0.199"/>
  <testcase classname="search.google.api.Test_Google_Search" name="Verify_User_Is_Able_To_Search__Text" time="0.658"/>
  <testcase classname="search.google.api.Test_Google_Search" name="Verify_User_Is_Able_To_Search__Text" time="0.216"/>
</testsuite> <!-- search.google.api.Test_Google_Search -->
