<?xml version="1.0" encoding="UTF-8"?>
<!-- Generated by org.testng.reporters.JUnitReportReporter -->
<testsuite hostname="SEPAL-M-QVWV" failures="0" tests="5" name="search.google.ui.Test_Google_Home_Page" time="7.658" errors="0" timestamp="29 Oct 2022 11:52:36 GMT" skipped="0">
  <testcase classname="search.google.ui.Test_Google_Home_Page" name="Verify_Google_Logo_IsPresentOnPage" time="1.173"/>
  <testcase classname="search.google.ui.Test_Google_Home_Page" name="Verify_Search_Box_Is_Present_On_the_Google_Home_Page" time="1.037"/>
  <testcase classname="search.google.ui.Test_Google_Home_Page" name="Verify_User_Is_Able_To_Search__Text" time="1.822"/>
  <testcase classname="search.google.ui.Test_Google_Home_Page" name="Verify_User_Is_Able_To_Search__Text" time="1.455"/>
  <testcase classname="search.google.ui.Test_Google_Home_Page" name="Verify_User_Is_Able_To_Search__Text" time="2.171"/>
</testsuite> <!-- search.google.ui.Test_Google_Home_Page -->
